<?xml version="1.0" encoding="UTF-8"?>
<!-- Generated by org.testng.reporters.JUnitReportReporter -->
<testsuite skipped="2" hostname="DESKTOP-2RDQBM1" name="com.LalPathLabs.Tests.AddPatientTests" tests="3" failures="0" timestamp="19 Nov 2020 09:08:11 GMT" time="68.209" errors="0">
  <testcase name="Update_Order" time="68.209" classname="com.LalPathLabs.Tests.AddPatientTests"/>
  <testcase name="Order_Modification" classname="com.LalPathLabs.Tests.AddPatientTests">
    <skipped/>
  </testcase> <!-- Order_Modification -->
  <testcase name="Add_Patient" classname="com.LalPathLabs.Tests.AddPatientTests">
    <skipped/>
  </testcase> <!-- Add_Patient -->
</testsuite> <!-- com.LalPathLabs.Tests.AddPatientTests -->
