<?xml version="1.0" encoding="UTF-8"?>
<!-- Generated by org.testng.reporters.JUnitReportReporter -->
<testsuite skipped="0" hostname="DESKTOP-2RDQBM1" name="com.LalPathLabs.Tests.LoginTests" tests="1" failures="0" timestamp="19 Nov 2020 10:04:54 GMT" time="5.135" errors="0">
  <testcase name="Valid_Creds" time="5.135" classname="com.LalPathLabs.Tests.LoginTests"/>
</testsuite> <!-- com.LalPathLabs.Tests.LoginTests -->
